<?xml version="1.0" encoding="UTF-8"?>
<!-- Generated by org.testng.reporters.JUnitReportReporter -->
<testsuite skipped="0" hostname="TL1086" name="testcases.CreateLeadTC_003" tests="2" failures="0" timestamp="2023-12-07T10:17:49 IST" time="76.709" errors="0">
  <testcase name="runCreateLead" time="38.934" classname="testcases.CreateLeadTC_003"/>
  <system-out/>
  <testcase name="runCreateLead" time="37.775" classname="testcases.CreateLeadTC_003"/>
  <system-out/>
</testsuite> <!-- testcases.CreateLeadTC_003 -->
