<?xml version="1.0" encoding="UTF-8"?>
<!-- Generated by org.testng.reporters.JUnitReportReporter -->
<testsuite hostname="DESKTOP-TFD5UIM" failures="0" tests="1" name="runner.RunnerTC_001" time="30.754" errors="0" timestamp="2023-12-06T11:24:13 IST" skipped="0">
  <testcase classname="runner.RunnerTC_001" name="runScenario" time="30.754"/>
  <system-out/>
</testsuite> <!-- runner.RunnerTC_001 -->
