<?xml version="1.0" encoding="UTF-8"?>
<!-- Generated by org.testng.reporters.JUnitReportReporter -->
<testsuite hostname="DESKTOP-TFD5UIM" failures="0" tests="1" name="testcases.LoginTC_001" time="10.733" errors="0" timestamp="2023-12-06T12:44:02 IST" skipped="0">
  <testcase classname="testcases.LoginTC_001" name="runLogin" time="10.733"/>
  <system-out/>
</testsuite> <!-- testcases.LoginTC_001 -->
