<?xml version="1.0" encoding="UTF-8"?>
<!-- Generated by org.testng.reporters.JUnitReportReporter -->
<testsuite hostname="DESKTOP-TFD5UIM" failures="0" tests="1" name="testcases.LoginLogoutTC_002" time="25.968" errors="0" timestamp="2023-12-06T11:24:13 IST" skipped="0">
  <testcase classname="testcases.LoginLogoutTC_002" name="runLogout" time="25.968"/>
  <system-out/>
</testsuite> <!-- testcases.LoginLogoutTC_002 -->
