<?xml version="1.0" encoding="UTF-8"?>
<!-- Generated by org.testng.reporters.JUnitReportReporter -->
<testsuite hostname="DESKTOP-TFD5UIM" failures="0" tests="1" name="testcases.CreateLeadTC_003" time="32.070" errors="0" timestamp="2023-12-06T11:24:13 IST" skipped="0">
  <testcase classname="testcases.CreateLeadTC_003" name="runCreateLead" time="32.070"/>
  <system-out/>
</testsuite> <!-- testcases.CreateLeadTC_003 -->
