<?xml version="1.0" encoding="UTF-8"?>
<!-- Generated by org.testng.reporters.JUnitReportReporter -->
<testsuite skipped="0" hostname="TL1086" name="testcases.LoginLogoutTC_002" tests="1" failures="0" timestamp="2023-11-29T12:25:41 IST" time="7.050" errors="0">
  <testcase name="runLogout" time="7.050" classname="testcases.LoginLogoutTC_002"/>
  <system-out/>
</testsuite> <!-- testcases.LoginLogoutTC_002 -->
