<?xml version="1.0" encoding="UTF-8"?>
<!-- Generated by org.testng.reporters.JUnitReportReporter -->
<testsuite skipped="0" hostname="TL1086" name="testcases.LoginTC_001" tests="1" failures="0" timestamp="2023-11-29T12:25:41 IST" time="14.638" errors="0">
  <testcase name="runLogin" time="14.638" classname="testcases.LoginTC_001"/>
  <system-out/>
</testsuite> <!-- testcases.LoginTC_001 -->
